[debug] [2021-03-26T01:16:11.650Z] ----------------------------------------------------------------------
[debug] [2021-03-26T01:16:11.652Z] Command:       C:\Program Files\nodejs\node.exe C:\Users\caiog\AppData\Roaming\npm\node_modules\firebase-tools\lib\bin\firebase.js init functions
[debug] [2021-03-26T01:16:11.653Z] CLI Version:   8.16.2
[debug] [2021-03-26T01:16:11.653Z] Platform:      win32
[debug] [2021-03-26T01:16:11.653Z] Node Version:  v12.13.0
[debug] [2021-03-26T01:16:11.655Z] Time:          Thu Mar 25 2021 22:16:11 GMT-0300 (GMT-03:00)
[debug] [2021-03-26T01:16:11.655Z] ----------------------------------------------------------------------
[debug] [2021-03-26T01:16:11.655Z] 
[debug] [2021-03-26T01:16:11.666Z] >>> [apiv2][query] GET https://firebase-public.firebaseio.com/cli.json [none]
[debug] [2021-03-26T01:16:11.709Z] > command requires scopes: ["email","openid","https://www.googleapis.com/auth/cloudplatformprojects.readonly","https://www.googleapis.com/auth/firebase","https://www.googleapis.com/auth/cloud-platform"]
[debug] [2021-03-26T01:16:11.709Z] > authorizing via signed-in user
[info] 
     ######## #### ########  ######## ########     ###     ######  ########
     ##        ##  ##     ## ##       ##     ##  ##   ##  ##       ##
     ######    ##  ########  ######   ########  #########  ######  ######
     ##        ##  ##    ##  ##       ##     ## ##     ##       ## ##
     ##       #### ##     ## ######## ########  ##     ##  ######  ########

You're about to initialize a Firebase project in this directory:

  D:\Projetos\tripper\tripper-app

[debug] [2021-03-26T01:16:12.265Z] <<< [apiv2][status] GET https://firebase-public.firebaseio.com/cli.json 200
[debug] [2021-03-26T01:16:12.266Z] <<< [apiv2][body] GET https://firebase-public.firebaseio.com/cli.json {"cloudBuildErrorAfter":1594252800000,"cloudBuildWarnAfter":1590019200000,"defaultNode10After":1594252800000,"minVersion":"3.0.5","node8DeploysDisabledAfter":1613390400000,"node8RuntimeDisabledAfter":1615809600000,"node8WarnAfter":1600128000000}
[info] 
=== Project Setup
[info] 
[info] First, let's associate this project directory with a Firebase project.
[info] You can create multiple project aliases by running firebase use --add, 
[info] but for now we'll just set up a default project.
[info] 
